<?xml version="1.0" encoding="UTF-8"?>

<beans xmlns="http://www.springframework.org/schema/beans"
       xmlns:xsi="http://www.w3.org/2001/XMLSchema-instance"
       xmlns:context="http://www.springframework.org/schema/context"
       xmlns:util="http://www.springframework.org/schema/util"
       xmlns:p="http://www.springframework.org/schema/p"
       xmlns:c="http://www.springframework.org/schema/c"
       xsi:schemaLocation="http://www.springframework.org/schema/beans
       http://www.springframework.org/schema/beans/spring-beans-2.5.xsd
       http://www.springframework.org/schema/context
       http://www.springframework.org/schema/context/spring-context-2.5.xsd
       http://www.springframework.org/schema/util
       http://www.springframework.org/schema/util/spring-util-2.0.xsd">

    <context:property-placeholder location="classpath*:database.properties"/>

    <bean name="dataSource" class="org.apache.commons.dbcp.BasicDataSource"
          destroy-method="close"
          p:driverClassName="oracle.jdbc.OracleDriver"
          p:username="${db.username}"
          p:password="${db.password}"
          p:url="${db.url}"
          p:poolPreparedStatements="true"
          p:maxOpenPreparedStatements="10"
          p:defaultAutoCommit="true"
          p:initialSize="5"/>

    <bean name="connectionManager" class="com.zhytnik.bank.backend.manager.impl.ConnectionManager"
          p:dataSource-ref="dataSource"/>

    <bean name="entityManager" class="com.zhytnik.bank.backend.manager.impl.EntityManager"
          p:connectionManager-ref="connectionManager" p:managerFactory-ref="managerFactory"/>

    <bean name="currencyManager" class="com.zhytnik.bank.backend.manager.impl.CurrencyManager"
          p:connectionManager-ref="connectionManager"
          p:managerFactory-ref="managerFactory"/>

    <bean name="billManager" parent="entityManager" c:clazz="com.zhytnik.bank.domain.Bill"/>
    <bean name="foundManager" parent="entityManager" c:clazz="com.zhytnik.bank.domain.Found"/>
    <bean name="bankerManager" parent="entityManager" c:clazz="com.zhytnik.bank.domain.Banker"/>
    <bean name="clientManager" parent="entityManager" c:clazz="com.zhytnik.bank.domain.Client"/>
    <bean name="creditManager" parent="entityManager" c:clazz="com.zhytnik.bank.domain.Credit"/>
    <bean name="depositManager" parent="entityManager" c:clazz="com.zhytnik.bank.domain.Deposit"/>
    <bean name="departmentManager" parent="entityManager" c:clazz="com.zhytnik.bank.domain.Department"/>
    <bean name="billCardManager" parent="entityManager" c:clazz="com.zhytnik.bank.domain.card.BillCard"/>
    <bean name="creditCardManager" parent="entityManager" c:clazz="com.zhytnik.bank.domain.card.CreditCard"/>

    <bean id="managerFactory" class="com.zhytnik.bank.backend.manager.impl.ManagerFactory"
          p:managers-ref="managers"/>

    <util:set id="managers" value-type="com.zhytnik.bank.backend.manager.impl.EntityManager">
        <ref bean="billManager"/>
        <ref bean="foundManager"/>
        <ref bean="currencyManager"/>
        <ref bean="bankerManager"/>
        <ref bean="clientManager"/>
        <ref bean="creditManager"/>
        <ref bean="depositManager"/>
        <ref bean="departmentManager"/>
        <ref bean="billCardManager"/>
        <ref bean="creditCardManager"/>
    </util:set>
</beans>